<?xml version="1.0" encoding="UTF-8"?>
<!-- Generated by org.testng.reporters.JUnitReportReporter -->
<testsuite hostname="MSI" failures="0" tests="2" name="Testing_demo.PUT_cmd" time="3.519" errors="0" timestamp="25 Mar 2022 04:30:23 GMT" skipped="0">
  <testcase classname="Testing_demo.PUT_cmd" name="Put_req" time="2.677"/>
  <testcase classname="Testing_demo.PUT_cmd" name="Put_req1" time="0.842"/>
</testsuite> <!-- Testing_demo.PUT_cmd -->
