<?xml version="1.0" encoding="UTF-8"?>
<!-- Generated by org.testng.reporters.JUnitReportReporter -->
<testsuite hostname="MSI" failures="0" tests="2" name="Testing_demo.POST_cmd" time="4.693" errors="0" timestamp="25 Mar 2022 04:31:01 GMT" skipped="0">
  <testcase classname="Testing_demo.POST_cmd" name="Post_req" time="3.449"/>
  <testcase classname="Testing_demo.POST_cmd" name="Post_req1" time="1.244"/>
</testsuite> <!-- Testing_demo.POST_cmd -->
