<?xml version="1.0" encoding="UTF-8"?>
<!-- Generated by org.testng.reporters.JUnitReportReporter -->
<testsuite hostname="MSI" failures="0" tests="1" name="Testing_demo.Looping" time="10.236" errors="0" timestamp="25 Mar 2022 04:47:41 GMT" skipped="0">
  <testcase classname="Testing_demo.Looping" name="Put_req" time="10.236"/>
</testsuite> <!-- Testing_demo.Looping -->
