<?xml version="1.0" encoding="UTF-8"?>
<!-- Generated by org.testng.reporters.JUnitReportReporter -->
<testsuite hostname="MSI" failures="0" tests="1" name="Testing_demo.GET_cmd" time="2.154" errors="0" timestamp="28 Mar 2022 04:29:02 GMT" skipped="0">
  <testcase classname="Testing_demo.GET_cmd" name="get_cmd" time="2.154"/>
</testsuite> <!-- Testing_demo.GET_cmd -->
