<?xml version="1.0" encoding="UTF-8"?>
<!-- Generated by org.testng.reporters.JUnitReportReporter -->
<testsuite hostname="MSI" failures="0" tests="1" name="Testing_demo.tESTnG_REPORT" time="1.912" errors="0" timestamp="25 Mar 2022 05:37:41 GMT" skipped="0">
  <testcase classname="Testing_demo.tESTnG_REPORT" name="Delete_req" time="1.912"/>
</testsuite> <!-- Testing_demo.tESTnG_REPORT -->
