<?xml version="1.0" encoding="UTF-8"?>
<!-- Generated by org.testng.reporters.JUnitReportReporter -->
<testsuite hostname="MSI" failures="0" tests="1" name="Testing_demo.Testng_annotations" time="0.004" errors="0" timestamp="28 Mar 2022 06:26:13 GMT" skipped="0">
  <testcase classname="Testing_demo.Testng_annotations" name="test4" time="0.004"/>
</testsuite> <!-- Testing_demo.Testng_annotations -->
