<?xml version="1.0" encoding="UTF-8"?>
<!-- Generated by org.testng.reporters.JUnitReportReporter -->
<testsuite hostname="MSI" failures="0" tests="1" name="Testing_demo.Test_1" time="2.118" errors="0" timestamp="17 Mar 2022 05:31:03 GMT" skipped="0">
  <testcase classname="Testing_demo.Test_1" name="get_cmd" time="2.118"/>
</testsuite> <!-- Testing_demo.Test_1 -->
