<?xml version="1.0" encoding="UTF-8"?>
<!-- Generated by org.testng.reporters.JUnitReportReporter -->
<testsuite hostname="MSI" failures="0" tests="1" name="Testing_demo.DELETE_cmd" time="2.243" errors="0" timestamp="25 Mar 2022 04:19:54 GMT" skipped="0">
  <testcase classname="Testing_demo.DELETE_cmd" name="Post_req" time="2.243"/>
</testsuite> <!-- Testing_demo.DELETE_cmd -->
