<?xml version="1.0" encoding="UTF-8"?>
<!-- Generated by org.testng.reporters.JUnitReportReporter -->
<testsuite hostname="MSI" failures="0" tests="1" name="Testing_demo.Conditional_statements" time="3.139" errors="0" timestamp="25 Mar 2022 04:40:21 GMT" skipped="0">
  <testcase classname="Testing_demo.Conditional_statements" name="Delete_req" time="3.139"/>
</testsuite> <!-- Testing_demo.Conditional_statements -->
