<?xml version="1.0" encoding="UTF-8"?>
<!-- Generated by org.testng.reporters.JUnitReportReporter -->
<testsuite hostname="MSI" failures="0" tests="1" name="Testing_demo.Get_fun" time="1.314" errors="0" timestamp="28 Mar 2022 05:09:15 GMT" skipped="0">
  <testcase classname="Testing_demo.Get_fun" name="test_100" time="1.314"/>
</testsuite> <!-- Testing_demo.Get_fun -->
